unodit - unodit - INFO - 
Version:  unodit 0.7.0      Created:  Mon Jul  3 22:00:31 2017

unodit directory = /home/jan/pythonModule/unodit
---------------------------------------------------------------------
mode      = sidebar_files
pydir     = /home/jan/.config/libreoffice/4/user/Scripts/python/QDAExtension
xdlfile   = None
app name  = qdacodehelper
panel     = 1
indent    = 4
---------------------------------------------------------------------

unodit - mode_sidebar_files - INFO - 
MODE: ---------- dialogs_files -----------------------------------
oxt_creator - __init__ - INFO - NEW LOGGER: unodit.oxt_creator.SidebarExtensionFiles
oxt_creator - ext_meta - INFO - manifest.xml /home/jan/.config/libreoffice/4/user/Scripts/python/QDAExtension/META-INF/manifest.xml {'FACTORY': 'Factory.xcu', 'EXEC_FILE_NAME': 'qdacodehelper.py', 'APP_DESCRIPTION': 'description', 'PROTOCOL': 'ProtocolHandler.xcu', 'SIDEBAR': 'Sidebar.xcu', 'APP_TITLE': 'title.txt', 'SOURCE': 'src'}
oxt_creator - ext_description - INFO - description.xml /home/jan/.config/libreoffice/4/user/Scripts/python/QDAExtension/description.xml {'APP_DESCRIPTION_DIR': 'description', 'APP_LICENSE_DIR': 'registration', 'EXTENSION_MAILTO': 'dittrich.c.jan@gmail.com', 'EXTENSION_IDENTIFIER_DOMAIN': 'tagtree.qdaaddon.de.fordes', 'EXTENSION_PUBLISHER': 'Jan', 'APP_DESCRIPTION': 'description.txt', 'EXTENSION_IDENTIFIER_APP': 'QDAHelper', 'EXTENSION_VERSION': '0.1.0', 'APP_LICENSE': 'license.txt', 'DISPLAY_NAME': 'qdacodehelper', 'EXTENSION_PLATFORM': 'all'}
oxt_creator - app_license - INFO - license file /home/jan/.config/libreoffice/4/user/Scripts/python/QDAExtension/registration/license.txt
oxt_creator - app_description - INFO - app description file /home/jan/.config/libreoffice/4/user/Scripts/python/QDAExtension/description/description.txt
oxt_creator - app_title - INFO - app title file /home/jan/.config/libreoffice/4/user/Scripts/python/QDAExtension/description/title.txt
oxt_creator - sidebar_factory - INFO - sidebar panel factory /home/jan/.config/libreoffice/4/user/Scripts/python/QDAExtension/Factory.xcu {'EXTENSION_IDENTIFIER_APP': 'QDAHelper', 'EXTENSION_IDENTIFIER_DOMAIN': 'tagtree.qdaaddon.de.fordes'}
oxt_creator - sidebar_protocol - INFO - sidebar protocol handler /home/jan/.config/libreoffice/4/user/Scripts/python/QDAExtension/ProtocolHandler.xcu {'SIDEBAR_PROTOCOL': 'ProtocolHandler', 'EXTENSION_IDENTIFIER_DOMAIN': 'tagtree.qdaaddon.de.fordes'}
oxt_creator - sidebar_icon - INFO - app icon file /home/jan/.config/libreoffice/4/user/Scripts/python/QDAExtension/image/icon.png
oxt_creator - sidebar - INFO - sidebar protocol handler /home/jan/.config/libreoffice/4/user/Scripts/python/QDAExtension/Sidebar.xcu {'SIDEBAR_CONTEXT': 'Writer, any, visible ;', 'DECK_TITLE': 'My New Deck', 'SIDEBAR_PANELS': '\ufeff\n            <node oor:name="Panel_Panel1" oor:op="replace">\n\t        \t<prop oor:name="Title" oor:type="xs:string">\n                \t<value xml:lang="en-US">Tag Tree</value>\n            \t</prop>\n            \t<prop oor:name="Id" oor:type="xs:string">\n                \t<value>Panel_tagtree0001</value>\n            \t</prop>\n            \t<prop oor:name="DeckId" oor:type="xs:string">\n                \t<value>MyDeck1</value>\n            \t</prop>\n            \t<prop oor:name="ContextList">\n            \t\t<value oor:separator=";">\n            \t\t\tWriter, any, visible;\n                \t</value>\n            \t</prop>\n            \t<prop oor:name="ImplementationURL" oor:type="xs:string">\n            \t\t<value>private:resource/toolpanel/QDAHelper/Panel1</value>\n            \t</prop>\t\t\t\t\n            \t<prop oor:name="OrderIndex" oor:type="xs:int">\n            \t\t<value>700</value>\n            \t</prop>\n            \t<prop oor:name="WantsCanvas" oor:type="xs:boolean">\n            \t\t<value>false</value>\n            \t</prop>\n            \t<prop oor:name="DefaultMenuCommand">\n          \t\t\t<value>tagtree.qdaaddon.de.fordes:Panel1</value>\n        \t\t</prop>\n            </node>\n\n', 'EXTENSION_IDENTIFIER_DOMAIN': 'tagtree.qdaaddon.de.fordes', 'DECK_NAME': 'ExampleSidebarDeck', 'SIDEBAR_ICON_DIR': 'image', 'EXTENSION_IDENTIFIER_APP': 'QDAHelper', 'SIDEBAR_ICON': 'icon.png', 'DECK_ID': 'MyDeck1'}
oxt_creator - sidebar_empty_dialog - INFO - app empty dialog /home/jan/.config/libreoffice/4/user/Scripts/python/QDAExtension/empty_dialog.xdl
unodit - unodit - INFO - 
CONNTENT:/home/jan/.config/libreoffice/4/user/Scripts/python/QDAExtension directory:
/home/jan/.config/libreoffice/4/user/Scripts/python/QDAExtension/Sidebar.xcu,
/home/jan/.config/libreoffice/4/user/Scripts/python/QDAExtension/description.xml,
/home/jan/.config/libreoffice/4/user/Scripts/python/QDAExtension/config.ini,
/home/jan/.config/libreoffice/4/user/Scripts/python/QDAExtension/log.log,
/home/jan/.config/libreoffice/4/user/Scripts/python/QDAExtension/empty_dialog.xdl,
/home/jan/.config/libreoffice/4/user/Scripts/python/QDAExtension/ProtocolHandler.xcu,
/home/jan/.config/libreoffice/4/user/Scripts/python/QDAExtension/Factory.xcu,
/home/jan/.config/libreoffice/4/user/Scripts/python/QDAExtension/image/icon.png,
/home/jan/.config/libreoffice/4/user/Scripts/python/QDAExtension/META-INF/manifest.xml,
/home/jan/.config/libreoffice/4/user/Scripts/python/QDAExtension/registration/license.txt,
/home/jan/.config/libreoffice/4/user/Scripts/python/QDAExtension/src/qdacodehelper.py,
/home/jan/.config/libreoffice/4/user/Scripts/python/QDAExtension/src/pythonpath/ui/Panel1_UI.py,
/home/jan/.config/libreoffice/4/user/Scripts/python/QDAExtension/src/pythonpath/ui_logic/Panel1.py,
/home/jan/.config/libreoffice/4/user/Scripts/python/QDAExtension/description/title.txt,
/home/jan/.config/libreoffice/4/user/Scripts/python/QDAExtension/description/description.txt,

